STARTING
reading from /data/user_data/jhsia2/dbqa/data/bioasq/Task11BGoldenEnriched/11B1_golden.json
reading from /data/user_data/jhsia2/dbqa/data/bioasq/Task11BGoldenEnriched/11B2_golden.json
reading from /data/user_data/jhsia2/dbqa/data/bioasq/Task11BGoldenEnriched/11B3_golden.json
reading from /data/user_data/jhsia2/dbqa/data/bioasq/Task11BGoldenEnriched/11B4_golden.json
reading from /data/user_data/jhsia2/dbqa/data/bioasq/BioASQ-training11b/training11b.json
327 4719
5046
adding prov docs
0/28192
100/28192
200/28192
300/28192
400/28192
500/28192
600/28192
700/28192
800/28192
900/28192
1000/28192
1100/28192
1200/28192
1300/28192
1400/28192
1500/28192
1600/28192
1700/28192
1800/28192
1900/28192
2000/28192
2100/28192
2200/28192
2300/28192
2400/28192
2500/28192
2600/28192
2700/28192
2800/28192
2900/28192
3000/28192
3100/28192
3200/28192
3300/28192
3400/28192
3500/28192
3600/28192
3700/28192
3800/28192
3900/28192
4000/28192
4100/28192
4200/28192
4300/28192
4400/28192
4500/28192
4600/28192
4700/28192
4800/28192
4900/28192
5000/28192
5100/28192
5200/28192
5300/28192
5400/28192
5500/28192
5600/28192
5700/28192
5800/28192
5900/28192
6000/28192
6100/28192
6200/28192
6300/28192
6400/28192
6500/28192
6600/28192
6700/28192
6800/28192
6900/28192
7000/28192
7100/28192
7200/28192
7300/28192
7400/28192
7500/28192
7600/28192
7700/28192
7800/28192
7900/28192
8000/28192
8100/28192
8200/28192
8300/28192
8400/28192
8500/28192
8600/28192
8700/28192
8800/28192
8900/28192
9000/28192
9100/28192
9200/28192
9300/28192
9400/28192
9500/28192
9600/28192
9700/28192
9800/28192
9900/28192
10000/28192
10100/28192
10200/28192
10300/28192
10400/28192
